Performing C SOURCE FILE Test CMAKE_HAVE_LIBC_PTHREAD failed with the following output:
Change Dir: /home/alfios/Documents/codes/active2/cuda/gpumd/md/build/CMakeFiles/CMakeTmp

Run Build Command(s):/usr/bin/make cmTC_4d6bd/fast && /usr/bin/make -f CMakeFiles/cmTC_4d6bd.dir/build.make CMakeFiles/cmTC_4d6bd.dir/build
make[1]: Entering directory '/home/alfios/Documents/codes/active2/cuda/gpumd/md/build/CMakeFiles/CMakeTmp'
Building C object CMakeFiles/cmTC_4d6bd.dir/src.c.o
/usr/bin/gcc-8   -fPIC -DCMAKE_HAVE_LIBC_PTHREAD   -o CMakeFiles/cmTC_4d6bd.dir/src.c.o   -c /home/alfios/Documents/codes/active2/cuda/gpumd/md/build/CMakeFiles/CMakeTmp/src.c
Linking C executable cmTC_4d6bd
/usr/bin/cmake -E cmake_link_script CMakeFiles/cmTC_4d6bd.dir/link.txt --verbose=1
/usr/bin/gcc-8 -fPIC -DCMAKE_HAVE_LIBC_PTHREAD    CMakeFiles/cmTC_4d6bd.dir/src.c.o  -o cmTC_4d6bd 
/usr/bin/ld: CMakeFiles/cmTC_4d6bd.dir/src.c.o: in function `main':
src.c:(.text+0x46): undefined reference to `pthread_create'
/usr/bin/ld: src.c:(.text+0x52): undefined reference to `pthread_detach'
/usr/bin/ld: src.c:(.text+0x63): undefined reference to `pthread_join'
collect2: error: ld returned 1 exit status
make[1]: *** [CMakeFiles/cmTC_4d6bd.dir/build.make:87: cmTC_4d6bd] Error 1
make[1]: Leaving directory '/home/alfios/Documents/codes/active2/cuda/gpumd/md/build/CMakeFiles/CMakeTmp'
make: *** [Makefile:121: cmTC_4d6bd/fast] Error 2


Source file was:
#include <pthread.h>

void* test_func(void* data)
{
  return data;
}

int main(void)
{
  pthread_t thread;
  pthread_create(&thread, NULL, test_func, NULL);
  pthread_detach(thread);
  pthread_join(thread, NULL);
  pthread_atfork(NULL, NULL, NULL);
  pthread_exit(NULL);

  return 0;
}

Determining if the function pthread_create exists in the pthreads failed with the following output:
Change Dir: /home/alfios/Documents/codes/active2/cuda/gpumd/md/build/CMakeFiles/CMakeTmp

Run Build Command(s):/usr/bin/make cmTC_d581e/fast && /usr/bin/make -f CMakeFiles/cmTC_d581e.dir/build.make CMakeFiles/cmTC_d581e.dir/build
make[1]: Entering directory '/home/alfios/Documents/codes/active2/cuda/gpumd/md/build/CMakeFiles/CMakeTmp'
Building C object CMakeFiles/cmTC_d581e.dir/CheckFunctionExists.c.o
/usr/bin/gcc-8   -fPIC -DCHECK_FUNCTION_EXISTS=pthread_create   -o CMakeFiles/cmTC_d581e.dir/CheckFunctionExists.c.o   -c /usr/share/cmake-3.16/Modules/CheckFunctionExists.c
Linking C executable cmTC_d581e
/usr/bin/cmake -E cmake_link_script CMakeFiles/cmTC_d581e.dir/link.txt --verbose=1
/usr/bin/gcc-8 -fPIC -DCHECK_FUNCTION_EXISTS=pthread_create    CMakeFiles/cmTC_d581e.dir/CheckFunctionExists.c.o  -o cmTC_d581e  -lpthreads 
/usr/bin/ld: cannot find -lpthreads
collect2: error: ld returned 1 exit status
make[1]: *** [CMakeFiles/cmTC_d581e.dir/build.make:87: cmTC_d581e] Error 1
make[1]: Leaving directory '/home/alfios/Documents/codes/active2/cuda/gpumd/md/build/CMakeFiles/CMakeTmp'
make: *** [Makefile:121: cmTC_d581e/fast] Error 2



